0 info it worked if it ends with ok
1 verbose cli [ '/home/user/.nvm/v0.10.48/bin/node',
1 verbose cli   '/home/user/.nvm/v0.10.48/bin/npm',
1 verbose cli   'install' ]
2 info using npm@2.15.1
3 info using node@v0.10.48
4 verbose readDependencies loading dependencies from /home/user/Documents/WorkQuest/database-models/package.json
5 warn package.json @workquest/database-models@1.0.1 No description
6 warn package.json @workquest/database-models@1.0.1 No README data
7 verbose install where, deps [ '/home/user/Documents/WorkQuest/database-models',
7 verbose install   [ '@hapi/boom',
7 verbose install     'bcrypt',
7 verbose install     'joi',
7 verbose install     'sequelize',
7 verbose install     'sequelize-typescript',
7 verbose install     'speakeasy',
7 verbose install     'uuid' ] ]
8 verbose install where, peers [ '/home/user/Documents/WorkQuest/database-models', [] ]
9 verbose installManyTop reading for lifecycle /home/user/Documents/WorkQuest/database-models/package.json
10 info preinstall @workquest/database-models@1.0.1
11 verbose installManyTop reading scoped package data from /home/user/Documents/WorkQuest/database-models/node_modules/abbrev/package.json
12 verbose installManyTop reading scoped package data from /home/user/Documents/WorkQuest/database-models/node_modules/agent-base/package.json
13 verbose installManyTop reading scoped package data from /home/user/Documents/WorkQuest/database-models/node_modules/ansi-regex/package.json
14 verbose installManyTop reading scoped package data from /home/user/Documents/WorkQuest/database-models/node_modules/any-promise/package.json
15 verbose installManyTop reading scoped package data from /home/user/Documents/WorkQuest/database-models/node_modules/aproba/package.json
16 verbose installManyTop reading scoped package data from /home/user/Documents/WorkQuest/database-models/node_modules/are-we-there-yet/package.json
17 verbose installManyTop reading scoped package data from /home/user/Documents/WorkQuest/database-models/node_modules/balanced-match/package.json
18 verbose installManyTop reading scoped package data from /home/user/Documents/WorkQuest/database-models/node_modules/base32.js/package.json
19 verbose installManyTop reading scoped package data from /home/user/Documents/WorkQuest/database-models/node_modules/bcrypt/package.json
20 verbose installManyTop reading scoped package data from /home/user/Documents/WorkQuest/database-models/node_modules/brace-expansion/package.json
21 verbose installManyTop reading scoped package data from /home/user/Documents/WorkQuest/database-models/node_modules/chownr/package.json
22 verbose installManyTop reading scoped package data from /home/user/Documents/WorkQuest/database-models/node_modules/code-point-at/package.json
23 verbose installManyTop reading scoped package data from /home/user/Documents/WorkQuest/database-models/node_modules/concat-map/package.json
24 verbose installManyTop reading scoped package data from /home/user/Documents/WorkQuest/database-models/node_modules/console-control-strings/package.json
25 verbose installManyTop reading scoped package data from /home/user/Documents/WorkQuest/database-models/node_modules/core-util-is/package.json
26 verbose installManyTop reading scoped package data from /home/user/Documents/WorkQuest/database-models/node_modules/debug/package.json
27 verbose installManyTop reading scoped package data from /home/user/Documents/WorkQuest/database-models/node_modules/delegates/package.json
28 verbose installManyTop reading scoped package data from /home/user/Documents/WorkQuest/database-models/node_modules/detect-libc/package.json
29 verbose installManyTop reading scoped package data from /home/user/Documents/WorkQuest/database-models/node_modules/dottie/package.json
30 verbose installManyTop reading scoped package data from /home/user/Documents/WorkQuest/database-models/node_modules/fs-minipass/package.json
31 verbose installManyTop reading scoped package data from /home/user/Documents/WorkQuest/database-models/node_modules/fs.realpath/package.json
32 verbose installManyTop reading scoped package data from /home/user/Documents/WorkQuest/database-models/node_modules/gauge/package.json
33 verbose installManyTop reading scoped package data from /home/user/Documents/WorkQuest/database-models/node_modules/glob/package.json
34 verbose installManyTop reading scoped package data from /home/user/Documents/WorkQuest/database-models/node_modules/has-unicode/package.json
35 verbose installManyTop reading scoped package data from /home/user/Documents/WorkQuest/database-models/node_modules/https-proxy-agent/package.json
36 verbose installManyTop reading scoped package data from /home/user/Documents/WorkQuest/database-models/node_modules/inflection/package.json
37 verbose installManyTop reading scoped package data from /home/user/Documents/WorkQuest/database-models/node_modules/inflight/package.json
38 verbose installManyTop reading scoped package data from /home/user/Documents/WorkQuest/database-models/node_modules/inherits/package.json
39 verbose installManyTop reading scoped package data from /home/user/Documents/WorkQuest/database-models/node_modules/is-fullwidth-code-point/package.json
40 verbose installManyTop reading scoped package data from /home/user/Documents/WorkQuest/database-models/node_modules/isarray/package.json
41 verbose installManyTop reading scoped package data from /home/user/Documents/WorkQuest/database-models/node_modules/joi/package.json
42 verbose installManyTop reading scoped package data from /home/user/Documents/WorkQuest/database-models/node_modules/lodash/package.json
43 verbose installManyTop reading scoped package data from /home/user/Documents/WorkQuest/database-models/node_modules/lru-cache/package.json
44 verbose installManyTop reading scoped package data from /home/user/Documents/WorkQuest/database-models/node_modules/make-dir/package.json
45 verbose installManyTop reading scoped package data from /home/user/Documents/WorkQuest/database-models/node_modules/minimatch/package.json
46 verbose installManyTop reading scoped package data from /home/user/Documents/WorkQuest/database-models/node_modules/minipass/package.json
47 verbose installManyTop reading scoped package data from /home/user/Documents/WorkQuest/database-models/node_modules/minizlib/package.json
48 verbose installManyTop reading scoped package data from /home/user/Documents/WorkQuest/database-models/node_modules/mkdirp/package.json
49 verbose installManyTop reading scoped package data from /home/user/Documents/WorkQuest/database-models/node_modules/moment/package.json
50 verbose installManyTop reading scoped package data from /home/user/Documents/WorkQuest/database-models/node_modules/moment-timezone/package.json
51 verbose installManyTop reading scoped package data from /home/user/Documents/WorkQuest/database-models/node_modules/ms/package.json
52 verbose installManyTop reading scoped package data from /home/user/Documents/WorkQuest/database-models/node_modules/node-addon-api/package.json
53 verbose installManyTop reading scoped package data from /home/user/Documents/WorkQuest/database-models/node_modules/node-fetch/package.json
54 verbose installManyTop reading scoped package data from /home/user/Documents/WorkQuest/database-models/node_modules/nopt/package.json
55 verbose installManyTop reading scoped package data from /home/user/Documents/WorkQuest/database-models/node_modules/npmlog/package.json
56 verbose installManyTop reading scoped package data from /home/user/Documents/WorkQuest/database-models/node_modules/number-is-nan/package.json
57 verbose installManyTop reading scoped package data from /home/user/Documents/WorkQuest/database-models/node_modules/object-assign/package.json
58 verbose installManyTop reading scoped package data from /home/user/Documents/WorkQuest/database-models/node_modules/once/package.json
59 verbose installManyTop reading scoped package data from /home/user/Documents/WorkQuest/database-models/node_modules/path-is-absolute/package.json
60 verbose installManyTop reading scoped package data from /home/user/Documents/WorkQuest/database-models/node_modules/process-nextick-args/package.json
61 verbose installManyTop reading scoped package data from /home/user/Documents/WorkQuest/database-models/node_modules/readable-stream/package.json
62 verbose installManyTop reading scoped package data from /home/user/Documents/WorkQuest/database-models/node_modules/retry-as-promised/package.json
63 verbose installManyTop reading scoped package data from /home/user/Documents/WorkQuest/database-models/node_modules/rimraf/package.json
64 verbose installManyTop reading scoped package data from /home/user/Documents/WorkQuest/database-models/node_modules/safe-buffer/package.json
65 verbose installManyTop reading scoped package data from /home/user/Documents/WorkQuest/database-models/node_modules/semver/package.json
66 verbose installManyTop reading scoped package data from /home/user/Documents/WorkQuest/database-models/node_modules/sequelize/package.json
67 verbose installManyTop reading scoped package data from /home/user/Documents/WorkQuest/database-models/node_modules/sequelize-pool/package.json
68 verbose installManyTop reading scoped package data from /home/user/Documents/WorkQuest/database-models/node_modules/sequelize-typescript/package.json
69 verbose installManyTop reading scoped package data from /home/user/Documents/WorkQuest/database-models/node_modules/set-blocking/package.json
70 verbose installManyTop reading scoped package data from /home/user/Documents/WorkQuest/database-models/node_modules/signal-exit/package.json
71 verbose installManyTop reading scoped package data from /home/user/Documents/WorkQuest/database-models/node_modules/speakeasy/package.json
72 verbose installManyTop reading scoped package data from /home/user/Documents/WorkQuest/database-models/node_modules/string-width/package.json
73 verbose installManyTop reading scoped package data from /home/user/Documents/WorkQuest/database-models/node_modules/string_decoder/package.json
74 verbose installManyTop reading scoped package data from /home/user/Documents/WorkQuest/database-models/node_modules/strip-ansi/package.json
75 verbose installManyTop reading scoped package data from /home/user/Documents/WorkQuest/database-models/node_modules/tar/package.json
76 verbose installManyTop reading scoped package data from /home/user/Documents/WorkQuest/database-models/node_modules/toposort-class/package.json
77 verbose installManyTop reading scoped package data from /home/user/Documents/WorkQuest/database-models/node_modules/util-deprecate/package.json
78 verbose installManyTop reading scoped package data from /home/user/Documents/WorkQuest/database-models/node_modules/uuid/package.json
79 verbose installManyTop reading scoped package data from /home/user/Documents/WorkQuest/database-models/node_modules/validator/package.json
80 verbose installManyTop reading scoped package data from /home/user/Documents/WorkQuest/database-models/node_modules/wide-align/package.json
81 verbose installManyTop reading scoped package data from /home/user/Documents/WorkQuest/database-models/node_modules/wkx/package.json
82 verbose installManyTop reading scoped package data from /home/user/Documents/WorkQuest/database-models/node_modules/wrappy/package.json
83 verbose installManyTop reading scoped package data from /home/user/Documents/WorkQuest/database-models/node_modules/yallist/package.json
84 verbose installManyTop reading scoped package data from /home/user/Documents/WorkQuest/database-models/node_modules/@hapi/boom/package.json
85 verbose installManyTop reading scoped package data from /home/user/Documents/WorkQuest/database-models/node_modules/@hapi/hoek/package.json
86 verbose installManyTop reading scoped package data from /home/user/Documents/WorkQuest/database-models/node_modules/@hapi/topo/package.json
87 verbose installManyTop reading scoped package data from /home/user/Documents/WorkQuest/database-models/node_modules/@mapbox/node-pre-gyp/package.json
88 verbose installManyTop reading scoped package data from /home/user/Documents/WorkQuest/database-models/node_modules/@sideway/address/package.json
89 verbose installManyTop reading scoped package data from /home/user/Documents/WorkQuest/database-models/node_modules/@sideway/formula/package.json
90 verbose installManyTop reading scoped package data from /home/user/Documents/WorkQuest/database-models/node_modules/@sideway/pinpoint/package.json
91 verbose installManyTop reading scoped package data from /home/user/Documents/WorkQuest/database-models/node_modules/@types/node/package.json
92 info package.json string_decoder@1.1.1 string_decoder is also the name of a node core module.
93 verbose readDependencies loading dependencies from /home/user/Documents/WorkQuest/database-models/package.json
94 verbose targetResolver reading package data from /home/user/Documents/WorkQuest/database-models/node_modules/abbrev/package.json
95 verbose targetResolver reading package data from /home/user/Documents/WorkQuest/database-models/node_modules/agent-base/package.json
96 verbose targetResolver reading package data from /home/user/Documents/WorkQuest/database-models/node_modules/ansi-regex/package.json
97 verbose targetResolver reading package data from /home/user/Documents/WorkQuest/database-models/node_modules/any-promise/package.json
98 verbose targetResolver reading package data from /home/user/Documents/WorkQuest/database-models/node_modules/aproba/package.json
99 verbose targetResolver reading package data from /home/user/Documents/WorkQuest/database-models/node_modules/are-we-there-yet/package.json
100 verbose targetResolver reading package data from /home/user/Documents/WorkQuest/database-models/node_modules/balanced-match/package.json
101 verbose targetResolver reading package data from /home/user/Documents/WorkQuest/database-models/node_modules/base32.js/package.json
102 verbose targetResolver reading package data from /home/user/Documents/WorkQuest/database-models/node_modules/bcrypt/package.json
103 verbose targetResolver reading package data from /home/user/Documents/WorkQuest/database-models/node_modules/brace-expansion/package.json
104 verbose targetResolver reading package data from /home/user/Documents/WorkQuest/database-models/node_modules/chownr/package.json
105 verbose targetResolver reading package data from /home/user/Documents/WorkQuest/database-models/node_modules/code-point-at/package.json
106 verbose targetResolver reading package data from /home/user/Documents/WorkQuest/database-models/node_modules/concat-map/package.json
107 verbose targetResolver reading package data from /home/user/Documents/WorkQuest/database-models/node_modules/console-control-strings/package.json
108 verbose targetResolver reading package data from /home/user/Documents/WorkQuest/database-models/node_modules/core-util-is/package.json
109 verbose targetResolver reading package data from /home/user/Documents/WorkQuest/database-models/node_modules/debug/package.json
110 verbose targetResolver reading package data from /home/user/Documents/WorkQuest/database-models/node_modules/delegates/package.json
111 verbose targetResolver reading package data from /home/user/Documents/WorkQuest/database-models/node_modules/detect-libc/package.json
112 verbose targetResolver reading package data from /home/user/Documents/WorkQuest/database-models/node_modules/dottie/package.json
113 verbose targetResolver reading package data from /home/user/Documents/WorkQuest/database-models/node_modules/fs-minipass/package.json
114 verbose targetResolver reading package data from /home/user/Documents/WorkQuest/database-models/node_modules/fs.realpath/package.json
115 verbose targetResolver reading package data from /home/user/Documents/WorkQuest/database-models/node_modules/gauge/package.json
116 verbose targetResolver reading package data from /home/user/Documents/WorkQuest/database-models/node_modules/glob/package.json
117 verbose targetResolver reading package data from /home/user/Documents/WorkQuest/database-models/node_modules/has-unicode/package.json
118 verbose targetResolver reading package data from /home/user/Documents/WorkQuest/database-models/node_modules/https-proxy-agent/package.json
119 verbose targetResolver reading package data from /home/user/Documents/WorkQuest/database-models/node_modules/inflection/package.json
120 verbose targetResolver reading package data from /home/user/Documents/WorkQuest/database-models/node_modules/inflight/package.json
121 verbose targetResolver reading package data from /home/user/Documents/WorkQuest/database-models/node_modules/inherits/package.json
122 verbose targetResolver reading package data from /home/user/Documents/WorkQuest/database-models/node_modules/is-fullwidth-code-point/package.json
123 verbose targetResolver reading package data from /home/user/Documents/WorkQuest/database-models/node_modules/isarray/package.json
124 verbose targetResolver reading package data from /home/user/Documents/WorkQuest/database-models/node_modules/joi/package.json
125 verbose targetResolver reading package data from /home/user/Documents/WorkQuest/database-models/node_modules/lodash/package.json
126 verbose targetResolver reading package data from /home/user/Documents/WorkQuest/database-models/node_modules/lru-cache/package.json
127 verbose targetResolver reading package data from /home/user/Documents/WorkQuest/database-models/node_modules/make-dir/package.json
128 verbose targetResolver reading package data from /home/user/Documents/WorkQuest/database-models/node_modules/minimatch/package.json
129 verbose targetResolver reading package data from /home/user/Documents/WorkQuest/database-models/node_modules/minipass/package.json
130 verbose targetResolver reading package data from /home/user/Documents/WorkQuest/database-models/node_modules/minizlib/package.json
131 verbose targetResolver reading package data from /home/user/Documents/WorkQuest/database-models/node_modules/mkdirp/package.json
132 verbose targetResolver reading package data from /home/user/Documents/WorkQuest/database-models/node_modules/moment/package.json
133 verbose targetResolver reading package data from /home/user/Documents/WorkQuest/database-models/node_modules/moment-timezone/package.json
134 verbose targetResolver reading package data from /home/user/Documents/WorkQuest/database-models/node_modules/ms/package.json
135 verbose targetResolver reading package data from /home/user/Documents/WorkQuest/database-models/node_modules/node-addon-api/package.json
136 verbose targetResolver reading package data from /home/user/Documents/WorkQuest/database-models/node_modules/node-fetch/package.json
137 verbose targetResolver reading package data from /home/user/Documents/WorkQuest/database-models/node_modules/nopt/package.json
138 verbose targetResolver reading package data from /home/user/Documents/WorkQuest/database-models/node_modules/npmlog/package.json
139 verbose targetResolver reading package data from /home/user/Documents/WorkQuest/database-models/node_modules/number-is-nan/package.json
140 verbose targetResolver reading package data from /home/user/Documents/WorkQuest/database-models/node_modules/object-assign/package.json
141 verbose targetResolver reading package data from /home/user/Documents/WorkQuest/database-models/node_modules/once/package.json
142 verbose targetResolver reading package data from /home/user/Documents/WorkQuest/database-models/node_modules/path-is-absolute/package.json
143 verbose targetResolver reading package data from /home/user/Documents/WorkQuest/database-models/node_modules/process-nextick-args/package.json
144 verbose targetResolver reading package data from /home/user/Documents/WorkQuest/database-models/node_modules/readable-stream/package.json
145 verbose targetResolver reading package data from /home/user/Documents/WorkQuest/database-models/node_modules/retry-as-promised/package.json
146 verbose targetResolver reading package data from /home/user/Documents/WorkQuest/database-models/node_modules/rimraf/package.json
147 verbose targetResolver reading package data from /home/user/Documents/WorkQuest/database-models/node_modules/safe-buffer/package.json
148 verbose targetResolver reading package data from /home/user/Documents/WorkQuest/database-models/node_modules/semver/package.json
149 verbose targetResolver reading package data from /home/user/Documents/WorkQuest/database-models/node_modules/sequelize/package.json
150 verbose targetResolver reading package data from /home/user/Documents/WorkQuest/database-models/node_modules/sequelize-pool/package.json
151 verbose targetResolver reading package data from /home/user/Documents/WorkQuest/database-models/node_modules/sequelize-typescript/package.json
152 verbose targetResolver reading package data from /home/user/Documents/WorkQuest/database-models/node_modules/set-blocking/package.json
153 verbose targetResolver reading package data from /home/user/Documents/WorkQuest/database-models/node_modules/signal-exit/package.json
154 verbose targetResolver reading package data from /home/user/Documents/WorkQuest/database-models/node_modules/speakeasy/package.json
155 verbose targetResolver reading package data from /home/user/Documents/WorkQuest/database-models/node_modules/string-width/package.json
156 verbose targetResolver reading package data from /home/user/Documents/WorkQuest/database-models/node_modules/string_decoder/package.json
157 verbose targetResolver reading package data from /home/user/Documents/WorkQuest/database-models/node_modules/strip-ansi/package.json
158 verbose targetResolver reading package data from /home/user/Documents/WorkQuest/database-models/node_modules/tar/package.json
159 verbose targetResolver reading package data from /home/user/Documents/WorkQuest/database-models/node_modules/toposort-class/package.json
160 verbose targetResolver reading package data from /home/user/Documents/WorkQuest/database-models/node_modules/util-deprecate/package.json
161 verbose targetResolver reading package data from /home/user/Documents/WorkQuest/database-models/node_modules/uuid/package.json
162 verbose targetResolver reading package data from /home/user/Documents/WorkQuest/database-models/node_modules/validator/package.json
163 verbose targetResolver reading package data from /home/user/Documents/WorkQuest/database-models/node_modules/wide-align/package.json
164 verbose targetResolver reading package data from /home/user/Documents/WorkQuest/database-models/node_modules/wkx/package.json
165 verbose targetResolver reading package data from /home/user/Documents/WorkQuest/database-models/node_modules/wrappy/package.json
166 verbose targetResolver reading package data from /home/user/Documents/WorkQuest/database-models/node_modules/yallist/package.json
167 verbose targetResolver reading package data from /home/user/Documents/WorkQuest/database-models/node_modules/.bin/detect-libc/package.json
168 verbose targetResolver reading package data from /home/user/Documents/WorkQuest/database-models/node_modules/.bin/mkdirp/package.json
169 verbose targetResolver reading package data from /home/user/Documents/WorkQuest/database-models/node_modules/.bin/node-pre-gyp/package.json
170 verbose targetResolver reading package data from /home/user/Documents/WorkQuest/database-models/node_modules/.bin/nopt/package.json
171 verbose targetResolver reading package data from /home/user/Documents/WorkQuest/database-models/node_modules/.bin/rimraf/package.json
172 verbose targetResolver reading package data from /home/user/Documents/WorkQuest/database-models/node_modules/.bin/semver/package.json
173 verbose targetResolver reading package data from /home/user/Documents/WorkQuest/database-models/node_modules/.bin/uuid/package.json
174 verbose targetResolver reading package data from /home/user/Documents/WorkQuest/database-models/node_modules/@hapi/boom/package.json
175 verbose targetResolver reading package data from /home/user/Documents/WorkQuest/database-models/node_modules/@hapi/hoek/package.json
176 verbose targetResolver reading package data from /home/user/Documents/WorkQuest/database-models/node_modules/@hapi/topo/package.json
177 verbose targetResolver reading package data from /home/user/Documents/WorkQuest/database-models/node_modules/@mapbox/node-pre-gyp/package.json
178 verbose targetResolver reading package data from /home/user/Documents/WorkQuest/database-models/node_modules/@sideway/address/package.json
179 verbose targetResolver reading package data from /home/user/Documents/WorkQuest/database-models/node_modules/@sideway/formula/package.json
180 verbose targetResolver reading package data from /home/user/Documents/WorkQuest/database-models/node_modules/@sideway/pinpoint/package.json
181 verbose targetResolver reading package data from /home/user/Documents/WorkQuest/database-models/node_modules/@types/node/package.json
182 verbose already installed skipping sequelize@6.6.2 /home/user/Documents/WorkQuest/database-models
183 verbose already installed skipping sequelize-typescript@^2.0.0 /home/user/Documents/WorkQuest/database-models
184 verbose already installed skipping speakeasy@^2.0.0 /home/user/Documents/WorkQuest/database-models
185 verbose already installed skipping uuid@^8.3.2 /home/user/Documents/WorkQuest/database-models
186 verbose already installed skipping @hapi/boom@^9.1.3 /home/user/Documents/WorkQuest/database-models
187 verbose already installed skipping bcrypt@^5.0.1 /home/user/Documents/WorkQuest/database-models
188 verbose already installed skipping joi@^17.4.0 /home/user/Documents/WorkQuest/database-models
189 silly install resolved []
190 info build /home/user/Documents/WorkQuest/database-models
191 info linkStuff @workquest/database-models@1.0.1
192 silly linkStuff @workquest/database-models@1.0.1 has /home/user/Documents as its parent node_modules
193 verbose linkBins @workquest/database-models@1.0.1
194 verbose linkMans @workquest/database-models@1.0.1
195 verbose rebuildBundles @workquest/database-models@1.0.1
196 verbose rebuildBundles [ '.bin',
196 verbose rebuildBundles   '@hapi',
196 verbose rebuildBundles   '@mapbox',
196 verbose rebuildBundles   '@sideway',
196 verbose rebuildBundles   '@types',
196 verbose rebuildBundles   'abbrev',
196 verbose rebuildBundles   'agent-base',
196 verbose rebuildBundles   'ansi-regex',
196 verbose rebuildBundles   'any-promise',
196 verbose rebuildBundles   'aproba',
196 verbose rebuildBundles   'are-we-there-yet',
196 verbose rebuildBundles   'balanced-match',
196 verbose rebuildBundles   'base32.js',
196 verbose rebuildBundles   'bcrypt',
196 verbose rebuildBundles   'brace-expansion',
196 verbose rebuildBundles   'chownr',
196 verbose rebuildBundles   'code-point-at',
196 verbose rebuildBundles   'concat-map',
196 verbose rebuildBundles   'console-control-strings',
196 verbose rebuildBundles   'core-util-is',
196 verbose rebuildBundles   'debug',
196 verbose rebuildBundles   'delegates',
196 verbose rebuildBundles   'detect-libc',
196 verbose rebuildBundles   'dottie',
196 verbose rebuildBundles   'fs-minipass',
196 verbose rebuildBundles   'fs.realpath',
196 verbose rebuildBundles   'gauge',
196 verbose rebuildBundles   'glob',
196 verbose rebuildBundles   'has-unicode',
196 verbose rebuildBundles   'https-proxy-agent',
196 verbose rebuildBundles   'inflection',
196 verbose rebuildBundles   'inflight',
196 verbose rebuildBundles   'inherits',
196 verbose rebuildBundles   'is-fullwidth-code-point',
196 verbose rebuildBundles   'isarray',
196 verbose rebuildBundles   'joi',
196 verbose rebuildBundles   'lodash',
196 verbose rebuildBundles   'lru-cache',
196 verbose rebuildBundles   'make-dir',
196 verbose rebuildBundles   'minimatch',
196 verbose rebuildBundles   'minipass',
196 verbose rebuildBundles   'minizlib',
196 verbose rebuildBundles   'mkdirp',
196 verbose rebuildBundles   'moment',
196 verbose rebuildBundles   'moment-timezone',
196 verbose rebuildBundles   'ms',
196 verbose rebuildBundles   'node-addon-api',
196 verbose rebuildBundles   'node-fetch',
196 verbose rebuildBundles   'nopt',
196 verbose rebuildBundles   'npmlog',
196 verbose rebuildBundles   'number-is-nan',
196 verbose rebuildBundles   'object-assign',
196 verbose rebuildBundles   'once',
196 verbose rebuildBundles   'path-is-absolute',
196 verbose rebuildBundles   'process-nextick-args',
196 verbose rebuildBundles   'readable-stream',
196 verbose rebuildBundles   'retry-as-promised',
196 verbose rebuildBundles   'rimraf',
196 verbose rebuildBundles   'safe-buffer',
196 verbose rebuildBundles   'semver',
196 verbose rebuildBundles   'sequelize',
196 verbose rebuildBundles   'sequelize-pool',
196 verbose rebuildBundles   'sequelize-typescript',
196 verbose rebuildBundles   'set-blocking',
196 verbose rebuildBundles   'signal-exit',
196 verbose rebuildBundles   'speakeasy',
196 verbose rebuildBundles   'string-width',
196 verbose rebuildBundles   'string_decoder',
196 verbose rebuildBundles   'strip-ansi',
196 verbose rebuildBundles   'tar',
196 verbose rebuildBundles   'toposort-class',
196 verbose rebuildBundles   'util-deprecate',
196 verbose rebuildBundles   'uuid',
196 verbose rebuildBundles   'validator',
196 verbose rebuildBundles   'wide-align',
196 verbose rebuildBundles   'wkx',
196 verbose rebuildBundles   'wrappy',
196 verbose rebuildBundles   'yallist' ]
197 verbose rebuild bundle /home/user/Documents/WorkQuest/database-models/node_modules/abbrev
198 info build /home/user/Documents/WorkQuest/database-models/node_modules/abbrev
199 info preinstall abbrev@1.1.1
200 info linkStuff abbrev@1.1.1
201 silly linkStuff abbrev@1.1.1 has /home/user/Documents/WorkQuest/database-models/node_modules as its parent node_modules
202 verbose linkBins abbrev@1.1.1
203 verbose linkMans abbrev@1.1.1
204 verbose rebuildBundles abbrev@1.1.1
205 info install abbrev@1.1.1
206 info postinstall abbrev@1.1.1
207 verbose rebuild bundle /home/user/Documents/WorkQuest/database-models/node_modules/agent-base
208 info build /home/user/Documents/WorkQuest/database-models/node_modules/agent-base
209 info preinstall agent-base@6.0.2
210 info linkStuff agent-base@6.0.2
211 silly linkStuff agent-base@6.0.2 has /home/user/Documents/WorkQuest/database-models/node_modules as its parent node_modules
212 verbose linkBins agent-base@6.0.2
213 verbose linkMans agent-base@6.0.2
214 verbose rebuildBundles agent-base@6.0.2
215 info install agent-base@6.0.2
216 info postinstall agent-base@6.0.2
217 verbose rebuild bundle /home/user/Documents/WorkQuest/database-models/node_modules/ansi-regex
218 info build /home/user/Documents/WorkQuest/database-models/node_modules/ansi-regex
219 info preinstall ansi-regex@2.1.1
220 info linkStuff ansi-regex@2.1.1
221 silly linkStuff ansi-regex@2.1.1 has /home/user/Documents/WorkQuest/database-models/node_modules as its parent node_modules
222 verbose linkBins ansi-regex@2.1.1
223 verbose linkMans ansi-regex@2.1.1
224 verbose rebuildBundles ansi-regex@2.1.1
225 info install ansi-regex@2.1.1
226 info postinstall ansi-regex@2.1.1
227 verbose rebuild bundle /home/user/Documents/WorkQuest/database-models/node_modules/any-promise
228 info build /home/user/Documents/WorkQuest/database-models/node_modules/any-promise
229 info preinstall any-promise@1.3.0
230 info linkStuff any-promise@1.3.0
231 silly linkStuff any-promise@1.3.0 has /home/user/Documents/WorkQuest/database-models/node_modules as its parent node_modules
232 verbose linkBins any-promise@1.3.0
233 verbose linkMans any-promise@1.3.0
234 verbose rebuildBundles any-promise@1.3.0
235 info install any-promise@1.3.0
236 info postinstall any-promise@1.3.0
237 verbose rebuild bundle /home/user/Documents/WorkQuest/database-models/node_modules/aproba
238 info build /home/user/Documents/WorkQuest/database-models/node_modules/aproba
239 info preinstall aproba@1.2.0
240 info linkStuff aproba@1.2.0
241 silly linkStuff aproba@1.2.0 has /home/user/Documents/WorkQuest/database-models/node_modules as its parent node_modules
242 verbose linkBins aproba@1.2.0
243 verbose linkMans aproba@1.2.0
244 verbose rebuildBundles aproba@1.2.0
245 info install aproba@1.2.0
246 info postinstall aproba@1.2.0
247 verbose rebuild bundle /home/user/Documents/WorkQuest/database-models/node_modules/are-we-there-yet
248 info build /home/user/Documents/WorkQuest/database-models/node_modules/are-we-there-yet
249 info preinstall are-we-there-yet@1.1.5
250 info linkStuff are-we-there-yet@1.1.5
251 silly linkStuff are-we-there-yet@1.1.5 has /home/user/Documents/WorkQuest/database-models/node_modules as its parent node_modules
252 verbose linkBins are-we-there-yet@1.1.5
253 verbose linkMans are-we-there-yet@1.1.5
254 verbose rebuildBundles are-we-there-yet@1.1.5
255 info install are-we-there-yet@1.1.5
256 info postinstall are-we-there-yet@1.1.5
257 verbose rebuild bundle /home/user/Documents/WorkQuest/database-models/node_modules/balanced-match
258 info build /home/user/Documents/WorkQuest/database-models/node_modules/balanced-match
259 info preinstall balanced-match@1.0.2
260 info linkStuff balanced-match@1.0.2
261 silly linkStuff balanced-match@1.0.2 has /home/user/Documents/WorkQuest/database-models/node_modules as its parent node_modules
262 verbose linkBins balanced-match@1.0.2
263 verbose linkMans balanced-match@1.0.2
264 verbose rebuildBundles balanced-match@1.0.2
265 info install balanced-match@1.0.2
266 info postinstall balanced-match@1.0.2
267 verbose rebuild bundle /home/user/Documents/WorkQuest/database-models/node_modules/base32.js
268 info build /home/user/Documents/WorkQuest/database-models/node_modules/base32.js
269 info preinstall base32.js@0.0.1
270 info linkStuff base32.js@0.0.1
271 silly linkStuff base32.js@0.0.1 has /home/user/Documents/WorkQuest/database-models/node_modules as its parent node_modules
272 verbose linkBins base32.js@0.0.1
273 verbose linkMans base32.js@0.0.1
274 verbose rebuildBundles base32.js@0.0.1
275 info install base32.js@0.0.1
276 info postinstall base32.js@0.0.1
277 verbose rebuild bundle /home/user/Documents/WorkQuest/database-models/node_modules/brace-expansion
278 info build /home/user/Documents/WorkQuest/database-models/node_modules/brace-expansion
279 info preinstall brace-expansion@1.1.11
280 info linkStuff brace-expansion@1.1.11
281 silly linkStuff brace-expansion@1.1.11 has /home/user/Documents/WorkQuest/database-models/node_modules as its parent node_modules
282 verbose linkBins brace-expansion@1.1.11
283 verbose linkMans brace-expansion@1.1.11
284 verbose rebuildBundles brace-expansion@1.1.11
285 info install brace-expansion@1.1.11
286 info postinstall brace-expansion@1.1.11
287 verbose rebuild bundle /home/user/Documents/WorkQuest/database-models/node_modules/chownr
288 info build /home/user/Documents/WorkQuest/database-models/node_modules/chownr
289 info preinstall chownr@2.0.0
290 info linkStuff chownr@2.0.0
291 silly linkStuff chownr@2.0.0 has /home/user/Documents/WorkQuest/database-models/node_modules as its parent node_modules
292 verbose linkBins chownr@2.0.0
293 verbose linkMans chownr@2.0.0
294 verbose rebuildBundles chownr@2.0.0
295 info install chownr@2.0.0
296 info postinstall chownr@2.0.0
297 verbose rebuild bundle /home/user/Documents/WorkQuest/database-models/node_modules/code-point-at
298 info build /home/user/Documents/WorkQuest/database-models/node_modules/code-point-at
299 info preinstall code-point-at@1.1.0
300 info linkStuff code-point-at@1.1.0
301 silly linkStuff code-point-at@1.1.0 has /home/user/Documents/WorkQuest/database-models/node_modules as its parent node_modules
302 verbose linkBins code-point-at@1.1.0
303 verbose linkMans code-point-at@1.1.0
304 verbose rebuildBundles code-point-at@1.1.0
305 info install code-point-at@1.1.0
306 info postinstall code-point-at@1.1.0
307 verbose rebuild bundle /home/user/Documents/WorkQuest/database-models/node_modules/concat-map
308 info build /home/user/Documents/WorkQuest/database-models/node_modules/concat-map
309 info preinstall concat-map@0.0.1
310 info linkStuff concat-map@0.0.1
311 silly linkStuff concat-map@0.0.1 has /home/user/Documents/WorkQuest/database-models/node_modules as its parent node_modules
312 verbose linkBins concat-map@0.0.1
313 verbose linkMans concat-map@0.0.1
314 verbose rebuildBundles concat-map@0.0.1
315 info install concat-map@0.0.1
316 info postinstall concat-map@0.0.1
317 verbose rebuild bundle /home/user/Documents/WorkQuest/database-models/node_modules/console-control-strings
318 info build /home/user/Documents/WorkQuest/database-models/node_modules/console-control-strings
319 info preinstall console-control-strings@1.1.0
320 info linkStuff console-control-strings@1.1.0
321 silly linkStuff console-control-strings@1.1.0 has /home/user/Documents/WorkQuest/database-models/node_modules as its parent node_modules
322 verbose linkBins console-control-strings@1.1.0
323 verbose linkMans console-control-strings@1.1.0
324 verbose rebuildBundles console-control-strings@1.1.0
325 info install console-control-strings@1.1.0
326 info postinstall console-control-strings@1.1.0
327 verbose rebuild bundle /home/user/Documents/WorkQuest/database-models/node_modules/core-util-is
328 info build /home/user/Documents/WorkQuest/database-models/node_modules/core-util-is
329 info preinstall core-util-is@1.0.2
330 info linkStuff core-util-is@1.0.2
331 silly linkStuff core-util-is@1.0.2 has /home/user/Documents/WorkQuest/database-models/node_modules as its parent node_modules
332 verbose linkBins core-util-is@1.0.2
333 verbose linkMans core-util-is@1.0.2
334 verbose rebuildBundles core-util-is@1.0.2
335 info install core-util-is@1.0.2
336 info postinstall core-util-is@1.0.2
337 verbose rebuild bundle /home/user/Documents/WorkQuest/database-models/node_modules/debug
338 info build /home/user/Documents/WorkQuest/database-models/node_modules/debug
339 info preinstall debug@4.3.2
340 info linkStuff debug@4.3.2
341 silly linkStuff debug@4.3.2 has /home/user/Documents/WorkQuest/database-models/node_modules as its parent node_modules
342 verbose linkBins debug@4.3.2
343 verbose linkMans debug@4.3.2
344 verbose rebuildBundles debug@4.3.2
345 info install debug@4.3.2
346 info postinstall debug@4.3.2
347 verbose rebuild bundle /home/user/Documents/WorkQuest/database-models/node_modules/delegates
348 info build /home/user/Documents/WorkQuest/database-models/node_modules/delegates
349 info preinstall delegates@1.0.0
350 info linkStuff delegates@1.0.0
351 silly linkStuff delegates@1.0.0 has /home/user/Documents/WorkQuest/database-models/node_modules as its parent node_modules
352 verbose linkBins delegates@1.0.0
353 verbose linkMans delegates@1.0.0
354 verbose rebuildBundles delegates@1.0.0
355 info install delegates@1.0.0
356 info postinstall delegates@1.0.0
357 verbose rebuild bundle /home/user/Documents/WorkQuest/database-models/node_modules/detect-libc
358 info build /home/user/Documents/WorkQuest/database-models/node_modules/detect-libc
359 info preinstall detect-libc@1.0.3
360 info linkStuff detect-libc@1.0.3
361 silly linkStuff detect-libc@1.0.3 has /home/user/Documents/WorkQuest/database-models/node_modules as its parent node_modules
362 verbose linkBins detect-libc@1.0.3
363 verbose link bins [ { 'detect-libc': 'bin/detect-libc.js' },
363 verbose link bins   '/home/user/Documents/WorkQuest/database-models/node_modules/.bin',
363 verbose link bins   false ]
364 verbose linkMans detect-libc@1.0.3
365 verbose rebuildBundles detect-libc@1.0.3
366 silly gentlyRm /home/user/Documents/WorkQuest/database-models/node_modules/.bin/detect-libc is being purged
367 verbose gentlyRm don't care about contents; nuking /home/user/Documents/WorkQuest/database-models/node_modules/.bin/detect-libc
368 silly vacuum-fs purging /home/user/Documents/WorkQuest/database-models/node_modules/.bin/detect-libc
369 silly vacuum-fs quitting because other entries in /home/user/Documents/WorkQuest/database-models/node_modules/.bin
370 info install detect-libc@1.0.3
371 info postinstall detect-libc@1.0.3
372 verbose rebuild bundle /home/user/Documents/WorkQuest/database-models/node_modules/dottie
373 info build /home/user/Documents/WorkQuest/database-models/node_modules/dottie
374 info preinstall dottie@2.0.2
375 info linkStuff dottie@2.0.2
376 silly linkStuff dottie@2.0.2 has /home/user/Documents/WorkQuest/database-models/node_modules as its parent node_modules
377 verbose linkBins dottie@2.0.2
378 verbose linkMans dottie@2.0.2
379 verbose rebuildBundles dottie@2.0.2
380 info install dottie@2.0.2
381 info postinstall dottie@2.0.2
382 verbose rebuild bundle /home/user/Documents/WorkQuest/database-models/node_modules/fs-minipass
383 info build /home/user/Documents/WorkQuest/database-models/node_modules/fs-minipass
384 info preinstall fs-minipass@2.1.0
385 info linkStuff fs-minipass@2.1.0
386 silly linkStuff fs-minipass@2.1.0 has /home/user/Documents/WorkQuest/database-models/node_modules as its parent node_modules
387 verbose linkBins fs-minipass@2.1.0
388 verbose linkMans fs-minipass@2.1.0
389 verbose rebuildBundles fs-minipass@2.1.0
390 info install fs-minipass@2.1.0
391 info postinstall fs-minipass@2.1.0
392 verbose rebuild bundle /home/user/Documents/WorkQuest/database-models/node_modules/fs.realpath
393 info build /home/user/Documents/WorkQuest/database-models/node_modules/fs.realpath
394 info preinstall fs.realpath@1.0.0
395 info linkStuff fs.realpath@1.0.0
396 silly linkStuff fs.realpath@1.0.0 has /home/user/Documents/WorkQuest/database-models/node_modules as its parent node_modules
397 verbose linkBins fs.realpath@1.0.0
398 verbose linkMans fs.realpath@1.0.0
399 verbose rebuildBundles fs.realpath@1.0.0
400 info install fs.realpath@1.0.0
401 info postinstall fs.realpath@1.0.0
402 verbose rebuild bundle /home/user/Documents/WorkQuest/database-models/node_modules/gauge
403 info build /home/user/Documents/WorkQuest/database-models/node_modules/gauge
404 info preinstall gauge@2.7.4
405 info linkStuff gauge@2.7.4
406 silly linkStuff gauge@2.7.4 has /home/user/Documents/WorkQuest/database-models/node_modules as its parent node_modules
407 verbose linkBins gauge@2.7.4
408 verbose linkMans gauge@2.7.4
409 verbose rebuildBundles gauge@2.7.4
410 info install gauge@2.7.4
411 info postinstall gauge@2.7.4
412 verbose rebuild bundle /home/user/Documents/WorkQuest/database-models/node_modules/glob
413 info build /home/user/Documents/WorkQuest/database-models/node_modules/glob
414 info preinstall glob@7.1.7
415 info linkStuff glob@7.1.7
416 silly linkStuff glob@7.1.7 has /home/user/Documents/WorkQuest/database-models/node_modules as its parent node_modules
417 verbose linkBins glob@7.1.7
418 verbose linkMans glob@7.1.7
419 verbose rebuildBundles glob@7.1.7
420 info install glob@7.1.7
421 info postinstall glob@7.1.7
422 verbose rebuild bundle /home/user/Documents/WorkQuest/database-models/node_modules/has-unicode
423 info build /home/user/Documents/WorkQuest/database-models/node_modules/has-unicode
424 info preinstall has-unicode@2.0.1
425 info linkStuff has-unicode@2.0.1
426 silly linkStuff has-unicode@2.0.1 has /home/user/Documents/WorkQuest/database-models/node_modules as its parent node_modules
427 verbose linkBins has-unicode@2.0.1
428 verbose linkMans has-unicode@2.0.1
429 verbose rebuildBundles has-unicode@2.0.1
430 info install has-unicode@2.0.1
431 info postinstall has-unicode@2.0.1
432 verbose rebuild bundle /home/user/Documents/WorkQuest/database-models/node_modules/https-proxy-agent
433 info build /home/user/Documents/WorkQuest/database-models/node_modules/https-proxy-agent
434 info preinstall https-proxy-agent@5.0.0
435 info linkStuff https-proxy-agent@5.0.0
436 silly linkStuff https-proxy-agent@5.0.0 has /home/user/Documents/WorkQuest/database-models/node_modules as its parent node_modules
437 verbose linkBins https-proxy-agent@5.0.0
438 verbose linkMans https-proxy-agent@5.0.0
439 verbose rebuildBundles https-proxy-agent@5.0.0
440 info install https-proxy-agent@5.0.0
441 info postinstall https-proxy-agent@5.0.0
442 verbose rebuild bundle /home/user/Documents/WorkQuest/database-models/node_modules/inflection
443 info build /home/user/Documents/WorkQuest/database-models/node_modules/inflection
444 info preinstall inflection@1.12.0
445 info linkStuff inflection@1.12.0
446 silly linkStuff inflection@1.12.0 has /home/user/Documents/WorkQuest/database-models/node_modules as its parent node_modules
447 verbose linkBins inflection@1.12.0
448 verbose linkMans inflection@1.12.0
449 verbose rebuildBundles inflection@1.12.0
450 info install inflection@1.12.0
451 info postinstall inflection@1.12.0
452 verbose rebuild bundle /home/user/Documents/WorkQuest/database-models/node_modules/inflight
453 info build /home/user/Documents/WorkQuest/database-models/node_modules/inflight
454 info preinstall inflight@1.0.6
455 info linkStuff inflight@1.0.6
456 silly linkStuff inflight@1.0.6 has /home/user/Documents/WorkQuest/database-models/node_modules as its parent node_modules
457 verbose linkBins inflight@1.0.6
458 verbose linkMans inflight@1.0.6
459 verbose rebuildBundles inflight@1.0.6
460 info install inflight@1.0.6
461 info postinstall inflight@1.0.6
462 verbose rebuild bundle /home/user/Documents/WorkQuest/database-models/node_modules/inherits
463 info build /home/user/Documents/WorkQuest/database-models/node_modules/inherits
464 info preinstall inherits@2.0.4
465 info linkStuff inherits@2.0.4
466 silly linkStuff inherits@2.0.4 has /home/user/Documents/WorkQuest/database-models/node_modules as its parent node_modules
467 verbose linkBins inherits@2.0.4
468 verbose linkMans inherits@2.0.4
469 verbose rebuildBundles inherits@2.0.4
470 info install inherits@2.0.4
471 info postinstall inherits@2.0.4
472 verbose rebuild bundle /home/user/Documents/WorkQuest/database-models/node_modules/is-fullwidth-code-point
473 info build /home/user/Documents/WorkQuest/database-models/node_modules/is-fullwidth-code-point
474 info preinstall is-fullwidth-code-point@1.0.0
475 info linkStuff is-fullwidth-code-point@1.0.0
476 silly linkStuff is-fullwidth-code-point@1.0.0 has /home/user/Documents/WorkQuest/database-models/node_modules as its parent node_modules
477 verbose linkBins is-fullwidth-code-point@1.0.0
478 verbose linkMans is-fullwidth-code-point@1.0.0
479 verbose rebuildBundles is-fullwidth-code-point@1.0.0
480 info install is-fullwidth-code-point@1.0.0
481 info postinstall is-fullwidth-code-point@1.0.0
482 verbose rebuild bundle /home/user/Documents/WorkQuest/database-models/node_modules/isarray
483 info build /home/user/Documents/WorkQuest/database-models/node_modules/isarray
484 info preinstall isarray@1.0.0
485 info linkStuff isarray@1.0.0
486 silly linkStuff isarray@1.0.0 has /home/user/Documents/WorkQuest/database-models/node_modules as its parent node_modules
487 verbose linkBins isarray@1.0.0
488 verbose linkMans isarray@1.0.0
489 verbose rebuildBundles isarray@1.0.0
490 info install isarray@1.0.0
491 info postinstall isarray@1.0.0
492 verbose rebuild bundle /home/user/Documents/WorkQuest/database-models/node_modules/lodash
493 info build /home/user/Documents/WorkQuest/database-models/node_modules/lodash
494 info preinstall lodash@4.17.21
495 info linkStuff lodash@4.17.21
496 silly linkStuff lodash@4.17.21 has /home/user/Documents/WorkQuest/database-models/node_modules as its parent node_modules
497 verbose linkBins lodash@4.17.21
498 verbose linkMans lodash@4.17.21
499 verbose rebuildBundles lodash@4.17.21
500 info install lodash@4.17.21
501 info postinstall lodash@4.17.21
502 verbose rebuild bundle /home/user/Documents/WorkQuest/database-models/node_modules/lru-cache
503 info build /home/user/Documents/WorkQuest/database-models/node_modules/lru-cache
504 info preinstall lru-cache@6.0.0
505 info linkStuff lru-cache@6.0.0
506 silly linkStuff lru-cache@6.0.0 has /home/user/Documents/WorkQuest/database-models/node_modules as its parent node_modules
507 verbose linkBins lru-cache@6.0.0
508 verbose linkMans lru-cache@6.0.0
509 verbose rebuildBundles lru-cache@6.0.0
510 info install lru-cache@6.0.0
511 info postinstall lru-cache@6.0.0
512 verbose rebuild bundle /home/user/Documents/WorkQuest/database-models/node_modules/make-dir
513 info build /home/user/Documents/WorkQuest/database-models/node_modules/make-dir
514 info preinstall make-dir@3.1.0
515 info linkStuff make-dir@3.1.0
516 silly linkStuff make-dir@3.1.0 has /home/user/Documents/WorkQuest/database-models/node_modules as its parent node_modules
517 verbose linkBins make-dir@3.1.0
518 verbose linkMans make-dir@3.1.0
519 verbose rebuildBundles make-dir@3.1.0
520 verbose rebuildBundles [ '.bin', 'semver' ]
521 info install make-dir@3.1.0
522 info postinstall make-dir@3.1.0
523 verbose rebuild bundle /home/user/Documents/WorkQuest/database-models/node_modules/minimatch
524 info build /home/user/Documents/WorkQuest/database-models/node_modules/minimatch
525 info preinstall minimatch@3.0.4
526 info linkStuff minimatch@3.0.4
527 silly linkStuff minimatch@3.0.4 has /home/user/Documents/WorkQuest/database-models/node_modules as its parent node_modules
528 verbose linkBins minimatch@3.0.4
529 verbose linkMans minimatch@3.0.4
530 verbose rebuildBundles minimatch@3.0.4
531 info install minimatch@3.0.4
532 info postinstall minimatch@3.0.4
533 verbose rebuild bundle /home/user/Documents/WorkQuest/database-models/node_modules/minipass
534 info build /home/user/Documents/WorkQuest/database-models/node_modules/minipass
535 info preinstall minipass@3.1.3
536 info linkStuff minipass@3.1.3
537 silly linkStuff minipass@3.1.3 has /home/user/Documents/WorkQuest/database-models/node_modules as its parent node_modules
538 verbose linkBins minipass@3.1.3
539 verbose linkMans minipass@3.1.3
540 verbose rebuildBundles minipass@3.1.3
541 info install minipass@3.1.3
542 info postinstall minipass@3.1.3
543 verbose rebuild bundle /home/user/Documents/WorkQuest/database-models/node_modules/minizlib
544 info build /home/user/Documents/WorkQuest/database-models/node_modules/minizlib
545 info preinstall minizlib@2.1.2
546 info linkStuff minizlib@2.1.2
547 silly linkStuff minizlib@2.1.2 has /home/user/Documents/WorkQuest/database-models/node_modules as its parent node_modules
548 verbose linkBins minizlib@2.1.2
549 verbose linkMans minizlib@2.1.2
550 verbose rebuildBundles minizlib@2.1.2
551 info install minizlib@2.1.2
552 info postinstall minizlib@2.1.2
553 verbose rebuild bundle /home/user/Documents/WorkQuest/database-models/node_modules/mkdirp
554 info build /home/user/Documents/WorkQuest/database-models/node_modules/mkdirp
555 info preinstall mkdirp@1.0.4
556 info linkStuff mkdirp@1.0.4
557 silly linkStuff mkdirp@1.0.4 has /home/user/Documents/WorkQuest/database-models/node_modules as its parent node_modules
558 verbose linkBins mkdirp@1.0.4
559 verbose link bins [ { mkdirp: 'bin/cmd.js' },
559 verbose link bins   '/home/user/Documents/WorkQuest/database-models/node_modules/.bin',
559 verbose link bins   false ]
560 verbose linkMans mkdirp@1.0.4
561 verbose rebuildBundles mkdirp@1.0.4
562 silly gentlyRm /home/user/Documents/WorkQuest/database-models/node_modules/.bin/mkdirp is being purged
563 verbose gentlyRm don't care about contents; nuking /home/user/Documents/WorkQuest/database-models/node_modules/.bin/mkdirp
564 silly vacuum-fs purging /home/user/Documents/WorkQuest/database-models/node_modules/.bin/mkdirp
565 silly vacuum-fs quitting because other entries in /home/user/Documents/WorkQuest/database-models/node_modules/.bin
566 info install mkdirp@1.0.4
567 info postinstall mkdirp@1.0.4
568 verbose rebuild bundle /home/user/Documents/WorkQuest/database-models/node_modules/moment
569 info build /home/user/Documents/WorkQuest/database-models/node_modules/moment
570 info preinstall moment@2.29.1
571 info linkStuff moment@2.29.1
572 silly linkStuff moment@2.29.1 has /home/user/Documents/WorkQuest/database-models/node_modules as its parent node_modules
573 verbose linkBins moment@2.29.1
574 verbose linkMans moment@2.29.1
575 verbose rebuildBundles moment@2.29.1
576 info install moment@2.29.1
577 info postinstall moment@2.29.1
578 verbose rebuild bundle /home/user/Documents/WorkQuest/database-models/node_modules/moment-timezone
579 info build /home/user/Documents/WorkQuest/database-models/node_modules/moment-timezone
580 info preinstall moment-timezone@0.5.33
581 info linkStuff moment-timezone@0.5.33
582 silly linkStuff moment-timezone@0.5.33 has /home/user/Documents/WorkQuest/database-models/node_modules as its parent node_modules
583 verbose linkBins moment-timezone@0.5.33
584 verbose linkMans moment-timezone@0.5.33
585 verbose rebuildBundles moment-timezone@0.5.33
586 info install moment-timezone@0.5.33
587 info postinstall moment-timezone@0.5.33
588 verbose rebuild bundle /home/user/Documents/WorkQuest/database-models/node_modules/ms
589 info build /home/user/Documents/WorkQuest/database-models/node_modules/ms
590 info preinstall ms@2.1.2
591 info linkStuff ms@2.1.2
592 silly linkStuff ms@2.1.2 has /home/user/Documents/WorkQuest/database-models/node_modules as its parent node_modules
593 verbose linkBins ms@2.1.2
594 verbose linkMans ms@2.1.2
595 verbose rebuildBundles ms@2.1.2
596 info install ms@2.1.2
597 info postinstall ms@2.1.2
598 verbose rebuild bundle /home/user/Documents/WorkQuest/database-models/node_modules/node-addon-api
599 info build /home/user/Documents/WorkQuest/database-models/node_modules/node-addon-api
600 info preinstall node-addon-api@3.2.1
601 info linkStuff node-addon-api@3.2.1
602 silly linkStuff node-addon-api@3.2.1 has /home/user/Documents/WorkQuest/database-models/node_modules as its parent node_modules
603 verbose linkBins node-addon-api@3.2.1
604 verbose linkMans node-addon-api@3.2.1
605 verbose rebuildBundles node-addon-api@3.2.1
606 info install node-addon-api@3.2.1
607 verbose unsafe-perm in lifecycle true
608 info node-addon-api@3.2.1 Failed to exec install script
609 verbose stack Error: node-addon-api@3.2.1 install: `node-gyp rebuild`
609 verbose stack Exit status 1
609 verbose stack     at EventEmitter.<anonymous> (/home/user/.nvm/v0.10.48/lib/node_modules/npm/lib/utils/lifecycle.js:217:16)
609 verbose stack     at EventEmitter.emit (events.js:98:17)
609 verbose stack     at ChildProcess.<anonymous> (/home/user/.nvm/v0.10.48/lib/node_modules/npm/lib/utils/spawn.js:24:14)
609 verbose stack     at ChildProcess.emit (events.js:98:17)
609 verbose stack     at maybeClose (child_process.js:766:16)
609 verbose stack     at Process.ChildProcess._handle.onexit (child_process.js:833:5)
610 verbose pkgid node-addon-api@3.2.1
611 verbose cwd /home/user/Documents/WorkQuest/database-models
612 error Linux 5.11.0-25-generic
613 error argv "/home/user/.nvm/v0.10.48/bin/node" "/home/user/.nvm/v0.10.48/bin/npm" "install"
614 error node v0.10.48
615 error npm  v2.15.1
616 error code ELIFECYCLE
617 error node-addon-api@3.2.1 install: `node-gyp rebuild`
617 error Exit status 1
618 error Failed at the node-addon-api@3.2.1 install script 'node-gyp rebuild'.
618 error This is most likely a problem with the node-addon-api package,
618 error not with npm itself.
618 error Tell the author that this fails on your system:
618 error     node-gyp rebuild
618 error You can get information on how to open an issue for this project with:
618 error     npm bugs node-addon-api
618 error Or if that isn't available, you can get their info via:
618 error
618 error     npm owner ls node-addon-api
618 error There is likely additional logging output above.
619 verbose exit [ 1, true ]
